
Tests run: 1, Failures: 0, Errors: 0, Skipped: 0

[INFO] ------------------------------------------------------------------------
[INFO] BUILD SUCCESSFUL
[INFO] ------------------------------------------------------------------------
[INFO] Total time: 16 seconds
[INFO] Finished at: Mon Oct 14 23:37:00 CEST 2013
[INFO] Final Memory: 30M/177M
[INFO] ------------------------------------------------------------------------

Tests run: 1, Failures: 0, Errors: 0, Skipped: 0

[INFO] ------------------------------------------------------------------------
[INFO] BUILD SUCCESSFUL
[INFO] ------------------------------------------------------------------------
[INFO] Total time: 18 seconds
[INFO] Finished at: Mon Oct 14 23:39:37 CEST 2013
[INFO] Final Memory: 30M/178M
[INFO] ------------------------------------------------------------------------

Tests run: 1, Failures: 0, Errors: 0, Skipped: 0

[INFO] ------------------------------------------------------------------------
[INFO] BUILD SUCCESSFUL
[INFO] ------------------------------------------------------------------------
[INFO] Total time: 15 seconds
[INFO] Finished at: Tue Oct 15 20:53:34 CEST 2013
[INFO] Final Memory: 30M/176M
[INFO] ------------------------------------------------------------------------

Tests run: 3, Failures: 0, Errors: 0, Skipped: 0

[INFO] ------------------------------------------------------------------------
[INFO] BUILD SUCCESSFUL
[INFO] ------------------------------------------------------------------------
[INFO] Total time: 26 seconds
[INFO] Finished at: Tue Oct 15 21:23:00 CEST 2013
[INFO] Final Memory: 30M/176M
[INFO] ------------------------------------------------------------------------

Tests run: 3, Failures: 0, Errors: 0, Skipped: 0

[INFO] ------------------------------------------------------------------------
[INFO] BUILD SUCCESSFUL
[INFO] ------------------------------------------------------------------------
[INFO] Total time: 39 seconds
[INFO] Finished at: Wed Oct 16 09:18:33 CEST 2013
[INFO] Final Memory: 29M/149M
[INFO] ------------------------------------------------------------------------

Tests run: 3, Failures: 0, Errors: 0, Skipped: 0

[INFO] ------------------------------------------------------------------------
[INFO] BUILD SUCCESSFUL
[INFO] ------------------------------------------------------------------------
[INFO] Total time: 50 seconds
[INFO] Finished at: Sat Oct 19 08:54:23 CEST 2013
[INFO] Final Memory: 30M/177M
[INFO] ------------------------------------------------------------------------

Tests run: 3, Failures: 0, Errors: 0, Skipped: 0

[INFO] ------------------------------------------------------------------------
[INFO] BUILD SUCCESSFUL
[INFO] ------------------------------------------------------------------------
[INFO] Total time: 49 seconds
[INFO] Finished at: Sun Oct 20 10:21:49 CEST 2013
[INFO] Final Memory: 30M/176M
[INFO] ------------------------------------------------------------------------

Tests run: 3, Failures: 0, Errors: 0, Skipped: 0

[INFO] ------------------------------------------------------------------------
[INFO] BUILD SUCCESSFUL
[INFO] ------------------------------------------------------------------------
[INFO] Total time: 38 seconds
[INFO] Finished at: Sat Nov 02 20:42:54 CET 2013
[INFO] Final Memory: 29M/149M
[INFO] ------------------------------------------------------------------------

Tests run: 3, Failures: 0, Errors: 0, Skipped: 0

[INFO] ------------------------------------------------------------------------
[INFO] BUILD SUCCESSFUL
[INFO] ------------------------------------------------------------------------
[INFO] Total time: 35 seconds
[INFO] Finished at: Mon Nov 04 20:45:38 CET 2013
[INFO] Final Memory: 29M/148M
[INFO] ------------------------------------------------------------------------
