#
# There is insufficient memory for the Java Runtime Environment to continue.
# Native memory allocation (mmap) failed to map 39845888 bytes for committing reserved memory.
# Possible reasons:
#   The system is out of physical RAM or swap space
#   In 32 bit mode, the process size limit was hit
# Possible solutions:
#   Reduce memory load on the system
#   Increase physical memory or swap space
#   Check if swap backing store is full
#   Use 64 bit Java on a 64 bit OS
#   Decrease Java heap size (-Xmx/-Xms)
#   Decrease number of Java threads
#   Decrease Java thread stack sizes (-Xss)
#   Set larger code cache with -XX:ReservedCodeCacheSize=
# This output file may be truncated or incomplete.
#
#  Out of Memory Error (os_linux.cpp:2640), pid=22504, tid=0x00007f4edbbfb700
#
# JRE version: Java(TM) SE Runtime Environment (8.0_171-b11) (build 1.8.0_171-b11)
# Java VM: Java HotSpot(TM) 64-Bit Server VM (25.171-b11 mixed mode linux-amd64 compressed oops)
# Failed to write core dump. Core dumps have been disabled. To enable core dumping, try "ulimit -c unlimited" before starting Java again
#

---------------  T H R E A D  ---------------

Current thread (0x00007f4ef00fb800):  VMThread [stack: 0x00007f4edbafb000,0x00007f4edbbfc000] [id=22508]

Stack: [0x00007f4edbafb000,0x00007f4edbbfc000],  sp=0x00007f4edbbfa1e0,  free space=1020k
Native frames: (J=compiled Java code, j=interpreted, Vv=VM code, C=native code)
V  [libjvm.so+0xacfffa]  VMError::report_and_die()+0x2ba
V  [libjvm.so+0x5005cb]  report_vm_out_of_memory(char const*, int, unsigned long, VMErrorType, char const*)+0x8b
V  [libjvm.so+0x92dd93]  os::Linux::commit_memory_impl(char*, unsigned long, bool)+0x123
V  [libjvm.so+0x92dfb9]  os::pd_commit_memory(char*, unsigned long, unsigned long, bool)+0x29
V  [libjvm.so+0x92527a]  os::commit_memory(char*, unsigned long, unsigned long, bool)+0x2a
V  [libjvm.so+0x99b223]  PSVirtualSpace::expand_by(unsigned long)+0x53
V  [libjvm.so+0x99c628]  PSYoungGen::resize_generation(unsigned long, unsigned long)+0xf8
V  [libjvm.so+0x99b782]  PSYoungGen::resize(unsigned long, unsigned long)+0x22
V  [libjvm.so+0x998a5b]  PSScavenge::invoke_no_policy()+0xf3b
V  [libjvm.so+0x9991e1]  PSScavenge::invoke()+0x41
V  [libjvm.so+0x94fcb0]  ParallelScavengeHeap::failed_mem_allocate(unsigned long)+0x70
V  [libjvm.so+0xad1a77]  VM_ParallelGCFailedAllocation::doit()+0x97
V  [libjvm.so+0xad9595]  VM_Operation::evaluate()+0x55
V  [libjvm.so+0xad795a]  VMThread::evaluate_operation(VM_Operation*)+0xba
V  [libjvm.so+0xad7cde]  VMThread::loop()+0x1ce
V  [libjvm.so+0xad8150]  VMThread::run()+0x70
V  [libjvm.so+0x92e0f8]  java_start(Thread*)+0x108

VM_Operation (0x00007f4ef990f0a0): ParallelGCFailedAllocation, mode: safepoint, requested by thread 0x00007f4ef000a800


---------------  P R O C E S S  ---------------

Java Threads: ( => current thread )
  0x00007f4ef097f000 JavaThread "Scheduler-192794887" [_thread_blocked, id=22524, stack(0x00007f4eda1ac000,0x00007f4eda2ad000)]
  0x00007f4ef0142000 JavaThread "Service Thread" daemon [_thread_blocked, id=22514, stack(0x00007f4edb22c000,0x00007f4edb32d000)]
  0x00007f4ef013f000 JavaThread "C1 CompilerThread1" daemon [_thread_blocked, id=22513, stack(0x00007f4edb32d000,0x00007f4edb42e000)]
  0x00007f4ef013c000 JavaThread "C2 CompilerThread0" daemon [_thread_blocked, id=22512, stack(0x00007f4edb42e000,0x00007f4edb52f000)]
  0x00007f4ef013a800 JavaThread "Signal Dispatcher" daemon [_thread_blocked, id=22511, stack(0x00007f4edb52f000,0x00007f4edb630000)]
  0x00007f4ef0107800 JavaThread "Finalizer" daemon [_thread_blocked, id=22510, stack(0x00007f4edb8f9000,0x00007f4edb9fa000)]
  0x00007f4ef0103000 JavaThread "Reference Handler" daemon [_thread_blocked, id=22509, stack(0x00007f4edb9fa000,0x00007f4edbafb000)]
  0x00007f4ef000a800 JavaThread "main" [_thread_blocked, id=22505, stack(0x00007f4ef9816000,0x00007f4ef9917000)]

Other Threads:
=>0x00007f4ef00fb800 VMThread [stack: 0x00007f4edbafb000,0x00007f4edbbfc000] [id=22508]
  0x00007f4ef0147000 WatcherThread [stack: 0x00007f4edb12b000,0x00007f4edb22c000] [id=22515]

VM state:at safepoint (normal execution)

VM Mutex/Monitor currently owned by a thread:  ([mutex/lock_event])
[0x00007f4ef0006ae0] Threads_lock - owner thread: 0x00007f4ef00fb800
[0x00007f4ef0006fe0] Heap_lock - owner thread: 0x00007f4ef000a800

Heap:
 PSYoungGen      total 34304K, used 2560K [0x00000000eb600000, 0x00000000eda00000, 0x0000000100000000)
  eden space 31744K, 0% used [0x00000000eb600000,0x00000000eb600000,0x00000000ed500000)
  from space 2560K, 100% used [0x00000000ed500000,0x00000000ed780000,0x00000000ed780000)
  to   space 2560K, 0% used [0x00000000ed780000,0x00000000ed780000,0x00000000eda00000)
 ParOldGen       total 42496K, used 10047K [0x00000000c2200000, 0x00000000c4b80000, 0x00000000eb600000)
  object space 42496K, 23% used [0x00000000c2200000,0x00000000c2bcfcb0,0x00000000c4b80000)
 Metaspace       used 14780K, capacity 15104K, committed 15360K, reserved 1062912K
  class space    used 1687K, capacity 1780K, committed 1792K, reserved 1048576K

Card table byte_map: [0x00007f4ef63b6000,0x00007f4ef65a6000] byte_map_base: 0x00007f4ef5da5000

Marking Bits: (ParMarkBitMap*) 0x00007f4ef8cd6280
 Begin Bits: [0x00007f4ef417a000, 0x00007f4ef50f2000)
 End Bits:   [0x00007f4ef50f2000, 0x00007f4ef606a000)

Polling page: 0x00007f4ef9925000

CodeCache: size=245760Kb used=4994Kb max_used=5007Kb free=240765Kb
 bounds [0x00007f4ee1000000, 0x00007f4ee14f0000, 0x00007f4ef0000000]
 total_blobs=1792 nmethods=1408 adapters=298
 compilation: enabled

Compilation events (10 events):
Event: 3.515 Thread 0x00007f4ef013c000 nmethod 1412% 0x00007f4ee14d9610 code [0x00007f4ee14d9780, 0x00007f4ee14d9a38]
Event: 3.516 Thread 0x00007f4ef013c000 1413       4       sun.nio.cs.UTF_8$Encoder::encodeArrayLoop (489 bytes)
Event: 3.532 Thread 0x00007f4ef013c000 nmethod 1413 0x00007f4ee14d6e50 code [0x00007f4ee14d6fc0, 0x00007f4ee14d74b8]
Event: 3.532 Thread 0x00007f4ef013c000 1415       4       org.eclipse.jetty.util.ArrayTernaryTrie::size (41 bytes)
Event: 3.543 Thread 0x00007f4ef013c000 nmethod 1415 0x00007f4ee14ca9d0 code [0x00007f4ee14cab20, 0x00007f4ee14cad18]
Event: 3.543 Thread 0x00007f4ef013c000 1416       4       sun.nio.fs.UnixPath::normalizeAndCheck (75 bytes)
Event: 3.549 Thread 0x00007f4ef013c000 nmethod 1416 0x00007f4ee14d7a10 code [0x00007f4ee14d7b80, 0x00007f4ee14d7e48]
Event: 3.549 Thread 0x00007f4ef013c000 1408       4       java.net.URI$Parser::checkChars (44 bytes)
Event: 3.563 Thread 0x00007f4ef013c000 nmethod 1408 0x00007f4ee14e1d90 code [0x00007f4ee14e1f00, 0x00007f4ee14e2618]
Event: 3.563 Thread 0x00007f4ef013c000 1417       4       java.util.HashMap::get (23 bytes)

GC Heap History (9 events):
Event: 1.320 GC heap before
{Heap before GC invocations=1 (full 0):
 PSYoungGen      total 18432K, used 15872K [0x00000000eb600000, 0x00000000eca80000, 0x0000000100000000)
  eden space 15872K, 100% used [0x00000000eb600000,0x00000000ec580000,0x00000000ec580000)
  from space 2560K, 0% used [0x00000000ec800000,0x00000000ec800000,0x00000000eca80000)
  to   space 2560K, 0% used [0x00000000ec580000,0x00000000ec580000,0x00000000ec800000)
 ParOldGen       total 42496K, used 0K [0x00000000c2200000, 0x00000000c4b80000, 0x00000000eb600000)
  object space 42496K, 0% used [0x00000000c2200000,0x00000000c2200000,0x00000000c4b80000)
 Metaspace       used 6631K, capacity 6762K, committed 6912K, reserved 1056768K
  class space    used 716K, capacity 722K, committed 768K, reserved 1048576K
Event: 1.332 GC heap after
Heap after GC invocations=1 (full 0):
 PSYoungGen      total 18432K, used 2528K [0x00000000eb600000, 0x00000000eca80000, 0x0000000100000000)
  eden space 15872K, 0% used [0x00000000eb600000,0x00000000eb600000,0x00000000ec580000)
  from space 2560K, 98% used [0x00000000ec580000,0x00000000ec7f8040,0x00000000ec800000)
  to   space 2560K, 0% used [0x00000000ec800000,0x00000000ec800000,0x00000000eca80000)
 ParOldGen       total 42496K, used 1781K [0x00000000c2200000, 0x00000000c4b80000, 0x00000000eb600000)
  object space 42496K, 4% used [0x00000000c2200000,0x00000000c23bd410,0x00000000c4b80000)
 Metaspace       used 6631K, capacity 6762K, committed 6912K, reserved 1056768K
  class space    used 716K, capacity 722K, committed 768K, reserved 1048576K
}
Event: 2.057 GC heap before
{Heap before GC invocations=2 (full 0):
 PSYoungGen      total 18432K, used 18400K [0x00000000eb600000, 0x00000000eca80000, 0x0000000100000000)
  eden space 15872K, 100% used [0x00000000eb600000,0x00000000ec580000,0x00000000ec580000)
  from space 2560K, 98% used [0x00000000ec580000,0x00000000ec7f8040,0x00000000ec800000)
  to   space 2560K, 0% used [0x00000000ec800000,0x00000000ec800000,0x00000000eca80000)
 ParOldGen       total 42496K, used 1781K [0x00000000c2200000, 0x00000000c4b80000, 0x00000000eb600000)
  object space 42496K, 4% used [0x00000000c2200000,0x00000000c23bd410,0x00000000c4b80000)
 Metaspace       used 10779K, capacity 10966K, committed 11008K, reserved 1058816K
  class space    used 1198K, capacity 1252K, committed 1280K, reserved 1048576K
Event: 2.071 GC heap after
Heap after GC invocations=2 (full 0):
 PSYoungGen      total 18432K, used 2528K [0x00000000eb600000, 0x00000000eda00000, 0x0000000100000000)
  eden space 15872K, 0% used [0x00000000eb600000,0x00000000eb600000,0x00000000ec580000)
  from space 2560K, 98% used [0x00000000ec800000,0x00000000eca78240,0x00000000eca80000)
  to   space 2560K, 0% used [0x00000000ec580000,0x00000000ec580000,0x00000000ec800000)
 ParOldGen       total 42496K, used 4631K [0x00000000c2200000, 0x00000000c4b80000, 0x00000000eb600000)
  object space 42496K, 10% used [0x00000000c2200000,0x00000000c2685c88,0x00000000c4b80000)
 Metaspace       used 10779K, capacity 10966K, committed 11008K, reserved 1058816K
  class space    used 1198K, capacity 1252K, committed 1280K, reserved 1048576K
}
Event: 2.437 GC heap before
{Heap before GC invocations=3 (full 0):
 PSYoungGen      total 18432K, used 18400K [0x00000000eb600000, 0x00000000eda00000, 0x0000000100000000)
  eden space 15872K, 100% used [0x00000000eb600000,0x00000000ec580000,0x00000000ec580000)
  from space 2560K, 98% used [0x00000000ec800000,0x00000000eca78240,0x00000000eca80000)
  to   space 2560K, 0% used [0x00000000ec580000,0x00000000ec580000,0x00000000ec800000)
 ParOldGen       total 42496K, used 4631K [0x00000000c2200000, 0x00000000c4b80000, 0x00000000eb600000)
  object space 42496K, 10% used [0x00000000c2200000,0x00000000c2685c88,0x00000000c4b80000)
 Metaspace       used 10980K, capacity 11158K, committed 11264K, reserved 1058816K
  class space    used 1205K, capacity 1252K, committed 1280K, reserved 1048576K
Event: 2.446 GC heap after
Heap after GC invocations=3 (full 0):
 PSYoungGen      total 18432K, used 2551K [0x00000000eb600000, 0x00000000eda00000, 0x0000000100000000)
  eden space 15872K, 0% used [0x00000000eb600000,0x00000000eb600000,0x00000000ec580000)
  from space 2560K, 99% used [0x00000000ec580000,0x00000000ec7fdfd8,0x00000000ec800000)
  to   space 2560K, 0% used [0x00000000ed780000,0x00000000ed780000,0x00000000eda00000)
 ParOldGen       total 42496K, used 5372K [0x00000000c2200000, 0x00000000c4b80000, 0x00000000eb600000)
  object space 42496K, 12% used [0x00000000c2200000,0x00000000c273f0d0,0x00000000c4b80000)
 Metaspace       used 10980K, capacity 11158K, committed 11264K, reserved 1058816K
  class space    used 1205K, capacity 1252K, committed 1280K, reserved 1048576K
}
Event: 2.958 GC heap before
{Heap before GC invocations=4 (full 0):
 PSYoungGen      total 18432K, used 18423K [0x00000000eb600000, 0x00000000eda00000, 0x0000000100000000)
  eden space 15872K, 100% used [0x00000000eb600000,0x00000000ec580000,0x00000000ec580000)
  from space 2560K, 99% used [0x00000000ec580000,0x00000000ec7fdfd8,0x00000000ec800000)
  to   space 2560K, 0% used [0x00000000ed780000,0x00000000ed780000,0x00000000eda00000)
 ParOldGen       total 42496K, used 5372K [0x00000000c2200000, 0x00000000c4b80000, 0x00000000eb600000)
  object space 42496K, 12% used [0x00000000c2200000,0x00000000c273f0d0,0x00000000c4b80000)
 Metaspace       used 12579K, capacity 12852K, committed 13056K, reserved 1060864K
  class space    used 1415K, capacity 1522K, committed 1536K, reserved 1048576K
Event: 2.975 GC heap after
Heap after GC invocations=4 (full 0):
 PSYoungGen      total 34304K, used 2551K [0x00000000eb600000, 0x00000000eda00000, 0x0000000100000000)
  eden space 31744K, 0% used [0x00000000eb600000,0x00000000eb600000,0x00000000ed500000)
  from space 2560K, 99% used [0x00000000ed780000,0x00000000ed9fdda8,0x00000000eda00000)
  to   space 2560K, 0% used [0x00000000ed500000,0x00000000ed500000,0x00000000ed780000)
 ParOldGen       total 42496K, used 7711K [0x00000000c2200000, 0x00000000c4b80000, 0x00000000eb600000)
  object space 42496K, 18% used [0x00000000c2200000,0x00000000c2987c70,0x00000000c4b80000)
 Metaspace       used 12579K, capacity 12852K, committed 13056K, reserved 1060864K
  class space    used 1415K, capacity 1522K, committed 1536K, reserved 1048576K
}
Event: 3.568 GC heap before
{Heap before GC invocations=5 (full 0):
 PSYoungGen      total 34304K, used 34295K [0x00000000eb600000, 0x00000000eda00000, 0x0000000100000000)
  eden space 31744K, 100% used [0x00000000eb600000,0x00000000ed500000,0x00000000ed500000)
  from space 2560K, 99% used [0x00000000ed780000,0x00000000ed9fdda8,0x00000000eda00000)
  to   space 2560K, 0% used [0x00000000ed500000,0x00000000ed500000,0x00000000ed780000)
 ParOldGen       total 42496K, used 7711K [0x00000000c2200000, 0x00000000c4b80000, 0x00000000eb600000)
  object space 42496K, 18% used [0x00000000c2200000,0x00000000c2987c70,0x00000000c4b80000)
 Metaspace       used 14780K, capacity 15104K, committed 15360K, reserved 1062912K
  class space    used 1687K, capacity 1780K, committed 1792K, reserved 1048576K

Deoptimization events (10 events):
Event: 2.545 Thread 0x00007f4ef000a800 Uncommon trap: reason=unstable_if action=reinterpret pc=0x00007f4ee11bfd70 method=java.util.HashMap.hash(Ljava/lang/Object;)I @ 1
Event: 2.545 Thread 0x00007f4ef000a800 Uncommon trap: reason=unstable_if action=reinterpret pc=0x00007f4ee11efbe8 method=java.util.HashMap.hash(Ljava/lang/Object;)I @ 1
Event: 2.550 Thread 0x00007f4ef000a800 Uncommon trap: reason=unstable_if action=reinterpret pc=0x00007f4ee1401af8 method=sun.misc.MetaIndex.mayContain(Ljava/lang/String;)Z @ 38
Event: 2.638 Thread 0x00007f4ef000a800 Uncommon trap: reason=unstable_if action=reinterpret pc=0x00007f4ee11d4dfc method=java.util.HashMap.getNode(ILjava/lang/Object;)Ljava/util/HashMap$Node; @ 62
Event: 2.638 Thread 0x00007f4ef000a800 Uncommon trap: reason=unstable_if action=reinterpret pc=0x00007f4ee119c2cc method=java.util.HashMap.putVal(ILjava/lang/Object;Ljava/lang/Object;ZZ)Ljava/lang/Object; @ 94
Event: 2.639 Thread 0x00007f4ef000a800 Uncommon trap: reason=unstable_if action=reinterpret pc=0x00007f4ee11b1458 method=java.util.HashMap.getNode(ILjava/lang/Object;)Ljava/util/HashMap$Node; @ 62
Event: 2.799 Thread 0x00007f4ef000a800 Uncommon trap: reason=speculate_class_check action=maybe_recompile pc=0x00007f4ee13b1350 method=java.nio.charset.CharsetDecoder.replaceWith(Ljava/lang/String;)Ljava/nio/charset/CharsetDecoder; @ 63
Event: 2.985 Thread 0x00007f4ef000a800 Uncommon trap: reason=speculate_class_check action=maybe_recompile pc=0x00007f4ee13b1350 method=java.nio.charset.CharsetDecoder.replaceWith(Ljava/lang/String;)Ljava/nio/charset/CharsetDecoder; @ 63
Event: 2.985 Thread 0x00007f4ef000a800 Uncommon trap: reason=unstable_if action=reinterpret pc=0x00007f4ee12ddd48 method=java.net.URI$Parser.scan(IIJJ)I @ 25
Event: 2.993 Thread 0x00007f4ef000a800 Uncommon trap: reason=speculate_class_check action=maybe_recompile pc=0x00007f4ee13b1350 method=java.nio.charset.CharsetDecoder.replaceWith(Ljava/lang/String;)Ljava/nio/charset/CharsetDecoder; @ 63

Classes redefined (0 events):
No events

Internal exceptions (10 events):
Event: 2.409 Thread 0x00007f4ef000a800 Exception <a 'sun/nio/fs/UnixException'> (0x00000000ec4feff8) thrown at [/HUDSON/workspace/8-2-build-linux-amd64/jdk8u171/10807/hotspot/src/share/vm/prims/jni.cpp, line 709]
Event: 2.409 Thread 0x00007f4ef000a800 Exception <a 'sun/nio/fs/UnixException'> (0x00000000ec4ff438) thrown at [/HUDSON/workspace/8-2-build-linux-amd64/jdk8u171/10807/hotspot/src/share/vm/prims/jni.cpp, line 709]
Event: 2.409 Thread 0x00007f4ef000a800 Exception <a 'sun/nio/fs/UnixException'> (0x00000000ec4ff908) thrown at [/HUDSON/workspace/8-2-build-linux-amd64/jdk8u171/10807/hotspot/src/share/vm/prims/jni.cpp, line 709]
Event: 2.409 Thread 0x00007f4ef000a800 Exception <a 'sun/nio/fs/UnixException'> (0x00000000ec5001e8) thrown at [/HUDSON/workspace/8-2-build-linux-amd64/jdk8u171/10807/hotspot/src/share/vm/prims/jni.cpp, line 709]
Event: 2.409 Thread 0x00007f4ef000a800 Exception <a 'sun/nio/fs/UnixException'> (0x00000000ec500be0) thrown at [/HUDSON/workspace/8-2-build-linux-amd64/jdk8u171/10807/hotspot/src/share/vm/prims/jni.cpp, line 709]
Event: 2.409 Thread 0x00007f4ef000a800 Exception <a 'sun/nio/fs/UnixException'> (0x00000000ec5010d8) thrown at [/HUDSON/workspace/8-2-build-linux-amd64/jdk8u171/10807/hotspot/src/share/vm/prims/jni.cpp, line 709]
Event: 2.409 Thread 0x00007f4ef000a800 Exception <a 'sun/nio/fs/UnixException'> (0x00000000ec501518) thrown at [/HUDSON/workspace/8-2-build-linux-amd64/jdk8u171/10807/hotspot/src/share/vm/prims/jni.cpp, line 709]
Event: 2.409 Thread 0x00007f4ef000a800 Exception <a 'sun/nio/fs/UnixException'> (0x00000000ec5019e8) thrown at [/HUDSON/workspace/8-2-build-linux-amd64/jdk8u171/10807/hotspot/src/share/vm/prims/jni.cpp, line 709]
Event: 2.545 Thread 0x00007f4ef000a800 Implicit null exception at 0x00007f4ee11bfcd8 to 0x00007f4ee11bfd66
Event: 2.545 Thread 0x00007f4ef000a800 Implicit null exception at 0x00007f4ee11efb6f to 0x00007f4ee11efbd9

Events (10 events):
Event: 3.489 loading class java/lang/InstantiationError done
Event: 3.519 Thread 0x00007f4ef000a800 DEOPT PACKING pc=0x00007f4ee14444ed sp=0x00007f4ef9912f40
Event: 3.519 Thread 0x00007f4ef000a800 DEOPT UNPACKING pc=0x00007f4ee10474c4 sp=0x00007f4ef9912c78 mode 0
Event: 3.525 Executing VM operation: Deoptimize
Event: 3.525 Executing VM operation: Deoptimize done
Event: 3.565 loading class javax/servlet/http/HttpServlet
Event: 3.565 loading class javax/servlet/http/HttpServlet done
Event: 3.566 loading class javax/servlet/GenericServlet
Event: 3.566 loading class javax/servlet/GenericServlet done
Event: 3.567 Executing VM operation: ParallelGCFailedAllocation


Dynamic libraries:
00400000-00401000 r-xp 00000000 fd:01 534888                             /usr/lib/jvm/java-8-oracle/jre/bin/java
00600000-00601000 rw-p 00000000 fd:01 534888                             /usr/lib/jvm/java-8-oracle/jre/bin/java
02378000-023cc000 rw-p 00000000 00:00 0                                  [heap]
c2200000-c4b80000 rw-p 00000000 00:00 0 
c4b80000-eb600000 ---p 00000000 00:00 0 
eb600000-eda00000 rw-p 00000000 00:00 0 
f0000000-100000000 ---p 00000000 00:00 0 
100000000-1001c0000 rw-p 00000000 00:00 0 
1001c0000-140000000 ---p 00000000 00:00 0 
7f4eb0000000-7f4eb0021000 rw-p 00000000 00:00 0 
7f4eb0021000-7f4eb4000000 ---p 00000000 00:00 0 
7f4eb4000000-7f4eb4021000 rw-p 00000000 00:00 0 
7f4eb4021000-7f4eb8000000 ---p 00000000 00:00 0 
7f4eb8000000-7f4eb83ed000 rw-p 00000000 00:00 0 
7f4eb83ed000-7f4ebc000000 ---p 00000000 00:00 0 
7f4ebc000000-7f4ebc021000 rw-p 00000000 00:00 0 
7f4ebc021000-7f4ec0000000 ---p 00000000 00:00 0 
7f4ec0000000-7f4ec0021000 rw-p 00000000 00:00 0 
7f4ec0021000-7f4ec4000000 ---p 00000000 00:00 0 
7f4ec4000000-7f4ec446b000 rw-p 00000000 00:00 0 
7f4ec446b000-7f4ec8000000 ---p 00000000 00:00 0 
7f4ec8000000-7f4ec8021000 rw-p 00000000 00:00 0 
7f4ec8021000-7f4ecc000000 ---p 00000000 00:00 0 
7f4ecc000000-7f4ecc021000 rw-p 00000000 00:00 0 
7f4ecc021000-7f4ed0000000 ---p 00000000 00:00 0 
7f4ed0000000-7f4ed0290000 rw-p 00000000 00:00 0 
7f4ed0290000-7f4ed4000000 ---p 00000000 00:00 0 
7f4ed4000000-7f4ed4021000 rw-p 00000000 00:00 0 
7f4ed4021000-7f4ed8000000 ---p 00000000 00:00 0 
7f4ed9b3f000-7f4ed9c7f000 rw-p 00000000 00:00 0 
7f4ed9c7f000-7f4ed9d3f000 ---p 00000000 00:00 0 
7f4ed9d3f000-7f4ed9d55000 r-xp 00000000 fd:01 1835077                    /lib/x86_64-linux-gnu/libgcc_s.so.1
7f4ed9d55000-7f4ed9f54000 ---p 00016000 fd:01 1835077                    /lib/x86_64-linux-gnu/libgcc_s.so.1
7f4ed9f54000-7f4ed9f55000 rw-p 00015000 fd:01 1835077                    /lib/x86_64-linux-gnu/libgcc_s.so.1
7f4ed9f5a000-7f4ed9f5f000 r--s 0003f000 fd:01 534690                     /usr/lib/jvm/java-8-oracle/jre/lib/ext/sunjce_provider.jar
7f4ed9f5f000-7f4ed9f91000 r-xp 00000000 fd:01 534826                     /usr/lib/jvm/java-8-oracle/jre/lib/amd64/libsunec.so
7f4ed9f91000-7f4eda190000 ---p 00032000 fd:01 534826                     /usr/lib/jvm/java-8-oracle/jre/lib/amd64/libsunec.so
7f4eda190000-7f4eda196000 rw-p 00031000 fd:01 534826                     /usr/lib/jvm/java-8-oracle/jre/lib/amd64/libsunec.so
7f4eda196000-7f4eda1a6000 rw-p 00000000 00:00 0 
7f4eda1a6000-7f4eda1a8000 r--s 00009000 fd:01 534693                     /usr/lib/jvm/java-8-oracle/jre/lib/ext/sunec.jar
7f4eda1a8000-7f4eda1ac000 r--s 0003a000 fd:01 534688                     /usr/lib/jvm/java-8-oracle/jre/lib/ext/sunpkcs11.jar
7f4eda1ac000-7f4eda1af000 ---p 00000000 00:00 0 
7f4eda1af000-7f4eda4ad000 rw-p 00000000 00:00 0                          [stack:22524]
7f4eda4ad000-7f4eda4c0000 r--s 00345000 fd:01 534732                     /usr/lib/jvm/java-8-oracle/jre/lib/resources.jar
7f4eda4c0000-7f4eda4c3000 r--s 0001b000 fd:01 2097714                    /var/cache/jenkins/war/WEB-INF/lib/xpp3-1.1.4c.jar
7f4eda4c3000-7f4eda4c6000 r--s 0001a000 fd:01 2100214                    /var/cache/jenkins/war/WEB-INF/lib/j-interopdeps-2.0.6-kohsuke-1.jar
7f4eda4c6000-7f4eda4c8000 r--s 00005000 fd:01 2097693                    /var/cache/jenkins/war/WEB-INF/lib/stax-api-1.0.1.jar
7f4eda4c8000-7f4eda4d1000 r--s 0005c000 fd:01 2097367                    /var/cache/jenkins/war/WEB-INF/lib/stapler-1.254.jar
7f4eda4d1000-7f4eda4e5000 r--s 000ae000 fd:01 2100584                    /var/cache/jenkins/war/WEB-INF/lib/self-signed-cert-generator-1.0.0.jar
7f4eda4e5000-7f4eda4e7000 r--s 00027000 fd:01 2097344                    /var/cache/jenkins/war/WEB-INF/lib/windows-slave-installer-1.9.2.jar
7f4eda4e7000-7f4eda4e9000 r--s 00008000 fd:01 2100472                    /var/cache/jenkins/war/WEB-INF/lib/commons-jelly-tags-xml-1.1.jar
7f4eda4e9000-7f4eda4f8000 r--s 0012d000 fd:01 2097590                    /var/cache/jenkins/war/WEB-INF/lib/jfreechart-1.0.9.jar
7f4eda4f8000-7f4eda4fe000 r--s 00052000 fd:01 2097708                    /var/cache/jenkins/war/WEB-INF/lib/jnr-constants-0.9.8.jar
7f4eda4fe000-7f4eda500000 r--s 00000000 fd:01 2097692                    /var/cache/jenkins/war/WEB-INF/lib/robust-http-client-1.2.jar
7f4eda500000-7f4eda507000 r--s 00072000 fd:01 2100469                    /var/cache/jenkins/war/WEB-INF/lib/mail-1.4.4.jar
7f4eda507000-7f4eda515000 r--s 00096000 fd:01 2100217                    /var/cache/jenkins/war/WEB-INF/lib/guice-4.0.jar
7f4eda515000-7f4eda519000 r--s 00031000 fd:01 2100219                    /var/cache/jenkins/war/WEB-INF/lib/jline-2.12.jar
7f4eda519000-7f4eda51e000 r--s 0002b000 fd:01 2100213                    /var/cache/jenkins/war/WEB-INF/lib/spring-web-2.5.6.SEC03.jar
7f4eda51e000-7f4eda521000 r--s 00033000 fd:01 2097369                    /var/cache/jenkins/war/WEB-INF/lib/jnr-x86asm-1.0.2.jar
7f4eda521000-7f4eda527000 r--s 00046000 fd:01 2097707                    /var/cache/jenkins/war/WEB-INF/lib/jcommon-1.0.12.jar
7f4eda527000-7f4eda535000 r--s 00075000 fd:01 2100210                    /var/cache/jenkins/war/WEB-INF/lib/xstream-1.4.7-jenkins-1.jar
7f4eda535000-7f4eda538000 r--s 0000e000 fd:01 2097374                    /var/cache/jenkins/war/WEB-INF/lib/txw2-20110809.jar
7f4eda538000-7f4eda540000 r--s 00048000 fd:01 2097352                    /var/cache/jenkins/war/WEB-INF/lib/spring-aop-2.5.6.SEC03.jar
7f4eda540000-7f4eda541000 r--s 00000000 fd:01 2097592                    /var/cache/jenkins/war/WEB-INF/lib/javax.inject-1.jar
7f4eda541000-7f4eda547000 r--s 0002b000 fd:01 2097363                    /var/cache/jenkins/war/WEB-INF/lib/commons-digester-2.1.jar
7f4eda547000-7f4eda549000 r--s 0000f000 fd:01 2097695                    /var/cache/jenkins/war/WEB-INF/lib/handlebars-1.1.1-core-assets.jar
7f4eda549000-7f4eda551000 r--s 00045000 fd:01 2097375                    /var/cache/jenkins/war/WEB-INF/lib/junit-4.12.jar
7f4eda551000-7f4eda552000 r--s 00004000 fd:01 2097355                    /var/cache/jenkins/war/WEB-INF/lib/relaxngDatatype-20020414.jar
7f4eda552000-7f4eda554000 r--s 0000f000 fd:01 2097712                    /var/cache/jenkins/war/WEB-INF/lib/commons-fileupload-1.3.1-jenkins-2.jar
7f4eda554000-7f4eda555000 r--s 00002000 fd:01 2097589                    /var/cache/jenkins/war/WEB-INF/lib/ssh-cli-auth-1.4.jar
7f4eda555000-7f4eda557000 r--s 00004000 fd:01 2100215                    /var/cache/jenkins/war/WEB-INF/lib/stax-api-1.0-2.jar
7f4eda557000-7f4eda559000 r--s 00000000 fd:01 2097361                    /var/cache/jenkins/war/WEB-INF/lib/crypto-util-1.1.jar
7f4eda559000-7f4eda55a000 r--s 00019000 fd:01 2100216                    /var/cache/jenkins/war/WEB-INF/lib/winp-1.25.jar
7f4eda55a000-7f4eda55c000 r--s 00003000 fd:01 2097586                    /var/cache/jenkins/war/WEB-INF/lib/tiger-types-2.2.jar
7f4eda55c000-7f4eda560000 r--s 00112000 fd:01 2097696                    /var/cache/jenkins/war/WEB-INF/lib/jna-4.2.1.jar
7f4eda560000-7f4eda562000 r--s 00008000 fd:01 2100482                    /var/cache/jenkins/war/WEB-INF/lib/bytecode-compatibility-transformer-1.8.jar
7f4eda562000-7f4eda568000 r--s 0007a000 fd:01 2097704                    /var/cache/jenkins/war/WEB-INF/lib/wstx-asl-3.2.9.jar
7f4eda568000-7f4eda569000 r--s 00003000 fd:01 2097341                    /var/cache/jenkins/war/WEB-INF/lib/annotation-indexer-1.12.jar
7f4eda569000-7f4eda56a000 r--s 00001000 fd:01 2100477                    /var/cache/jenkins/war/WEB-INF/lib/stapler-jrebel-1.254.jar
7f4eda56a000-7f4eda56c000 r--s 00010000 fd:01 2097701                    /var/cache/jenkins/war/WEB-INF/lib/jzlib-1.1.3-kohsuke-1.jar
7f4eda56c000-7f4eda56f000 r--s 00013000 fd:01 2097691                    /var/cache/jenkins/war/WEB-INF/lib/args4j-2.0.31.jar
7f4eda56f000-7f4eda571000 r--s 00004000 fd:01 2100481                    /var/cache/jenkins/war/WEB-INF/lib/log4j-over-slf4j-1.7.25.jar
7f4eda571000-7f4eda57e000 r--s 000ae000 fd:01 2100578                    /var/cache/jenkins/war/WEB-INF/lib/remoting-3.17.jar
7f4eda57e000-7f4eda57f000 r--s 00002000 fd:01 2097376                    /var/cache/jenkins/war/WEB-INF/lib/upstart-slave-installer-1.1.jar
7f4eda57f000-7f4eda580000 r--s 00002000 fd:01 2100585                    /var/cache/jenkins/war/WEB-INF/lib/systemd-slave-installer-1.1.jar
7f4eda580000-7f4eda581000 r--s 0000a000 fd:01 2097600                    /var/cache/jenkins/war/WEB-INF/lib/asm-util-5.0.3.jar
7f4eda581000-7f4eda587000 r--s 0005a000 fd:01 2097357                    /var/cache/jenkins/war/WEB-INF/lib/jmdns-3.4.0-jenkins-3.jar
7f4eda587000-7f4eda58d000 r--s 00049000 fd:01 2097709                    /var/cache/jenkins/war/WEB-INF/lib/trilead-ssh2-build-217-jenkins-11.jar
7f4eda58d000-7f4eda58f000 r--s 00005000 fd:01 2097694                    /var/cache/jenkins/war/WEB-INF/lib/javax.annotation-api-1.2.jar
7f4eda58f000-7f4eda590000 r--s 00000000 fd:01 2097686                    /var/cache/jenkins/war/WEB-INF/lib/bridge-method-annotation-1.13.jar
7f4eda590000-7f4eda592000 r--s 00003000 fd:01 2100484                    /var/cache/jenkins/war/WEB-INF/lib/jcl-over-slf4j-1.7.25.jar
7f4eda592000-7f4eda597000 r--s 0003a000 fd:01 2100581                    /var/cache/jenkins/war/WEB-INF/lib/dom4j-1.6.1-jenkins-4.jar
7f4eda597000-7f4eda599000 r--s 00005000 fd:01 2097706                    /var/cache/jenkins/war/WEB-INF/lib/sshd-2.4.jar
7f4eda599000-7f4eda5b7000 r--s 001cb000 fd:01 2097379                    /var/cache/jenkins/war/WEB-INF/lib/ant-1.9.2.jar
7f4eda5b7000-7f4eda5b9000 r--s 00032000 fd:01 2097711                    /var/cache/jenkins/war/WEB-INF/lib/jquery-detached-1.2.1-core-assets.jar
7f4eda5b9000-7f4eda5ba000 r--s 00005000 fd:01 2100583                    /var/cache/jenkins/war/WEB-INF/lib/commons-jelly-tags-fmt-1.0.jar
7f4eda5ba000-7f4eda5c4000 r--s 0006e000 fd:01 2100478                    /var/cache/jenkins/war/WEB-INF/lib/spring-beans-2.5.6.SEC03.jar
7f4eda5c4000-7f4eda5c8000 r--s 00029000 fd:01 2097716                    /var/cache/jenkins/war/WEB-INF/lib/stapler-adjunct-timeline-1.5.jar
7f4eda5c8000-7f4eda5ce000 r--s 0003e000 fd:01 2100587                    /var/cache/jenkins/war/WEB-INF/lib/stapler-adjunct-codemirror-1.3.jar
7f4eda5ce000-7f4eda5cf000 r--s 00006000 fd:01 2097350                    /var/cache/jenkins/war/WEB-INF/lib/sezpoz-1.12.jar
7f4eda5cf000-7f4eda5db000 r--s 00069000 fd:01 2097596                    /var/cache/jenkins/war/WEB-INF/lib/spring-context-2.5.6.SEC03.jar
7f4eda5db000-7f4eda5de000 r--s 00010000 fd:01 2097342                    /var/cache/jenkins/war/WEB-INF/lib/commons-discovery-0.4.jar
7f4eda5de000-7f4eda5e0000 r--s 00009000 fd:01 2097347                    /var/cache/jenkins/war/WEB-INF/lib/hamcrest-core-1.3.jar
7f4eda5e0000-7f4eda5e2000 r--s 0009a000 fd:01 2100471                    /var/cache/jenkins/war/WEB-INF/lib/jffi-1.2.15-native.jar
7f4eda5e2000-7f4eda5e5000 r--s 00010000 fd:01 2097346                    /var/cache/jenkins/war/WEB-INF/lib/cli-2.107.3.jar
7f4eda5e5000-7f4eda5e9000 r--s 0002a000 fd:01 2097710                    /var/cache/jenkins/war/WEB-INF/lib/commons-io-2.4.jar
7f4eda5e9000-7f4eda5eb000 r--s 00003000 fd:01 2097697                    /var/cache/jenkins/war/WEB-INF/lib/icon-set-1.0.5.jar
7f4eda5eb000-7f4eda5ed000 r--s 00007000 fd:01 2097360                    /var/cache/jenkins/war/WEB-INF/lib/stapler-groovy-1.254.jar
7f4eda5ed000-7f4eda5ef000 r--s 00009000 fd:01 2097372                    /var/cache/jenkins/war/WEB-INF/lib/asm-commons-5.0.3.jar
7f4eda5ef000-7f4eda5f3000 r--s 0001f000 fd:01 2097353                    /var/cache/jenkins/war/WEB-INF/lib/commons-jexl-1.1-jenkins-20111212.jar
7f4eda5f3000-7f4eda5f4000 r--s 00002000 fd:01 2097366                    /var/cache/jenkins/war/WEB-INF/lib/version-number-1.4.jar
7f4eda5f4000-7f4eda5f6000 r--s 00004000 fd:01 2100476                    /var/cache/jenkins/war/WEB-INF/lib/commons-jelly-tags-define-1.0.1-hudson-20071021.jar
7f4eda5f6000-7f4eda5f7000 r--s 00004000 fd:01 2100579                    /var/cache/jenkins/war/WEB-INF/lib/stapler-adjunct-zeroclipboard-1.3.5-1.jar
7f4eda5f7000-7f4eda5f9000 r--s 00004000 fd:01 2100468                    /var/cache/jenkins/war/WEB-INF/lib/task-reactor-1.5.jar
7f4eda5f9000-7f4eda5ff000 r--s 00067000 fd:01 2097602                    /var/cache/jenkins/war/WEB-INF/lib/antlr-2.7.6.jar
7f4eda5ff000-7f4eda605000 r--s 00035000 fd:01 2097371                    /var/cache/jenkins/war/WEB-INF/lib/jaxen-1.1-beta-11.jar
7f4eda605000-7f4eda607000 r--s 0001a000 fd:01 2097597                    /var/cache/jenkins/war/WEB-INF/lib/jansi-1.11.jar
7f4eda607000-7f4eda614000 r--s 00079000 fd:01 2097343                    /var/cache/jenkins/war/WEB-INF/lib/acegi-security-1.0.7.jar
7f4eda614000-7f4eda61b000 r--s 0003a000 fd:01 2100479                    /var/cache/jenkins/war/WEB-INF/lib/commons-codec-1.9.jar
7f4eda61b000-7f4eda61c000 r--s 00000000 fd:01 2097370                    /var/cache/jenkins/war/WEB-INF/lib/symbol-annotation-1.1.jar
7f4eda61c000-7f4eda61f000 r--s 00013000 fd:01 2097373                    /var/cache/jenkins/war/WEB-INF/lib/stapler-jelly-1.254.jar
7f4eda61f000-7f4eda62c000 r--s 00083000 fd:01 2097354                    /var/cache/jenkins/war/WEB-INF/lib/commons-collections-3.2.2.jar
7f4eda62c000-7f4eda62d000 r--s 00007000 fd:01 2097368                    /var/cache/jenkins/war/WEB-INF/lib/javax.servlet.jsp.jstl-api-1.2.1.jar
7f4eda62d000-7f4eda62f000 r--s 00025000 fd:01 2100475                    /var/cache/jenkins/war/WEB-INF/lib/bootstrap-1.3.2-core-assets.jar
7f4eda62f000-7f4eda630000 r--s 00004000 fd:01 2097378                    /var/cache/jenkins/war/WEB-INF/lib/libpam4j-1.8.jar
7f4eda630000-7f4eda634000 r--s 00014000 fd:01 2097595                    /var/cache/jenkins/war/WEB-INF/lib/spring-dao-1.2.9.jar
7f4eda634000-7f4eda63d000 r--s 0005a000 fd:01 2097345                    /var/cache/jenkins/war/WEB-INF/lib/spring-webmvc-2.5.6.SEC03.jar
7f4eda63d000-7f4eda642000 r--s 00034000 fd:01 2097702                    /var/cache/jenkins/war/WEB-INF/lib/commons-beanutils-1.8.3.jar
7f4eda642000-7f4eda646000 r--s 00026000 fd:01 2100470                    /var/cache/jenkins/war/WEB-INF/lib/commons-jelly-1.1-jenkins-20120928.jar
7f4eda646000-7f4eda649000 r--s 00022000 fd:01 2100580                    /var/cache/jenkins/war/WEB-INF/lib/jffi-1.2.15.jar
7f4eda649000-7f4eda64a000 r--s 00001000 fd:01 2097715                    /var/cache/jenkins/war/WEB-INF/lib/embedded_su4j-1.1.jar
7f4eda64a000-7f4eda64d000 r--s 0001c000 fd:01 2097717                    /var/cache/jenkins/war/WEB-INF/lib/jtidy-4aug2000r7-dev-hudson-1.jar
7f4eda64d000-7f4eda758000 r--s 00974000 fd:01 2100499                    /var/cache/jenkins/war/WEB-INF/lib/jenkins-core-2.107.3.jar
7f4eda758000-7f4eda75a000 r--s 00000000 fd:01 2097601                    /var/cache/jenkins/war/WEB-INF/lib/aopalliance-1.0.jar
7f4eda75a000-7f4eda75d000 r--s 00014000 fd:01 2097348                    /var/cache/jenkins/war/WEB-INF/lib/jna-posix-1.0.3-jenkins-1.jar
7f4eda75d000-7f4eda764000 r--s 0005b000 fd:01 2100483                    /var/cache/jenkins/war/WEB-INF/lib/jcifs-1.3.17-kohsuke-1.jar
7f4eda764000-7f4eda767000 r--s 00013000 fd:01 2097594                    /var/cache/jenkins/war/WEB-INF/lib/ezmorph-1.0.6.jar
7f4eda767000-7f4eda768000 r--s 00000000 fd:01 2097356                    /var/cache/jenkins/war/WEB-INF/lib/jquery-detached-1.2.jar
7f4eda768000-7f4eda778000 r--s 00096000 fd:01 2100218                    /var/cache/jenkins/war/WEB-INF/lib/jnr-ffi-2.1.4.jar
7f4eda778000-7f4eda77d000 r--s 00034000 fd:01 2097690                    /var/cache/jenkins/war/WEB-INF/lib/jnr-posix-3.0.41.jar
7f4eda77d000-7f4eda780000 r--s 00020000 fd:01 2097351                    /var/cache/jenkins/war/WEB-INF/lib/json-lib-2.4-jenkins-2.jar
7f4eda780000-7f4eda782000 r--s 00001000 fd:01 2097599                    /var/cache/jenkins/war/WEB-INF/lib/slf4j-jdk14-1.7.25.jar
7f4eda782000-7f4eda7f2000 r--s 00645000 fd:01 2100485                    /var/cache/jenkins/war/WEB-INF/lib/groovy-all-2.4.11.jar
7f4eda7f2000-7f4eda7f5000 r--s 00015000 fd:01 2097705                    /var/cache/jenkins/war/WEB-INF/lib/spring-context-support-2.5.6.SEC03.jar
7f4eda7f5000-7f4eda7f6000 r--s 00004000 fd:01 2097699                    /var/cache/jenkins/war/WEB-INF/lib/jbcrypt-1.0.0.jar
7f4eda7f6000-7f4eda7f7000 r--s 00004000 fd:01 2097685                    /var/cache/jenkins/war/WEB-INF/lib/ant-launcher-1.9.2.jar
7f4eda7f7000-7f4eda7f9000 r--s 00004000 fd:01 2097364                    /var/cache/jenkins/war/WEB-INF/lib/launchd-slave-installer-1.2.jar
7f4eda7f9000-7f4eda7fb000 r--s 00010000 fd:01 2097349                    /var/cache/jenkins/war/WEB-INF/lib/activation-1.1.1-hudson-1.jar
7f4eda7fb000-7f4eda7fe000 r--s 0000e000 fd:01 2097698                    /var/cache/jenkins/war/WEB-INF/lib/libzfs-0.8.jar
7f4eda7fe000-7f4eda7ff000 r--s 0000c000 fd:01 2097703                    /var/cache/jenkins/war/WEB-INF/lib/asm-5.0.3.jar
7f4eda7ff000-7f4eda801000 r--s 0000e000 fd:01 2100586                    /var/cache/jenkins/war/WEB-INF/lib/oro-2.0.8.jar
7f4eda801000-7f4eda802000 r--s 00003000 fd:01 2097587                    /var/cache/jenkins/war/WEB-INF/lib/constant-pool-scanner-1.2.jar
7f4eda802000-7f4eda803000 r--s 00004000 fd:01 2097687                    /var/cache/jenkins/war/WEB-INF/lib/asm-analysis-5.0.3.jar
7f4eda803000-7f4eda805000 r--s 00006000 fd:01 2097377                    /var/cache/jenkins/war/WEB-INF/lib/asm-tree-5.0.3.jar
7f4eda805000-7f4eda80a000 r--s 00029000 fd:01 2100467                    /var/cache/jenkins/war/WEB-INF/lib/spring-jdbc-1.2.9.jar
7f4eda80a000-7f4eda80c000 r--s 00005000 fd:01 2100582                    /var/cache/jenkins/war/WEB-INF/lib/slave-installer-1.6.jar
7f4eda80c000-7f4eda811000 r--s 00041000 fd:01 2097591                    /var/cache/jenkins/war/WEB-INF/lib/commons-lang-2.6.jar
7f4eda811000-7f4eda831000 r--s 00173000 fd:01 2097700                    /var/cache/jenkins/war/WEB-INF/lib/guava-11.0.1.jar
7f4eda831000-7f4eda832000 r--s 00001000 fd:01 2097713                    /var/cache/jenkins/war/WEB-INF/lib/trilead-putty-extension-1.2.jar
7f4eda832000-7f4eda839000 r--s 0005d000 fd:01 2100473                    /var/cache/jenkins/war/WEB-INF/lib/commons-compress-1.10.jar
7f4eda839000-7f4eda83b000 r--s 00006000 fd:01 2097683                    /var/cache/jenkins/war/WEB-INF/lib/jsr305-2.0.1.jar
7f4eda83b000-7f4eda841000 r--s 00040000 fd:01 2097358                    /var/cache/jenkins/war/WEB-INF/lib/spring-core-2.5.6.SEC03.jar
7f4eda841000-7f4eda85d000 r--s 0018e000 fd:01 2100212                    /var/cache/jenkins/war/WEB-INF/lib/sshd-core-1.7.0.jar
7f4eda85d000-7f4eda862000 r--s 00058000 fd:01 2097688                    /var/cache/jenkins/war/WEB-INF/lib/asm5-5.0.1.jar
7f4eda862000-7f4eda8db000 r--s 010f9000 fd:01 533999                     /usr/lib/jvm/java-8-oracle/lib/tools.jar
7f4eda8db000-7f4eda8f1000 r-xp 00000000 fd:01 534844                     /usr/lib/jvm/java-8-oracle/jre/lib/amd64/libnet.so
7f4eda8f1000-7f4edaaf1000 ---p 00016000 fd:01 534844                     /usr/lib/jvm/java-8-oracle/jre/lib/amd64/libnet.so
7f4edaaf1000-7f4edaaf2000 rw-p 00016000 fd:01 534844                     /usr/lib/jvm/java-8-oracle/jre/lib/amd64/libnet.so
7f4edaaf2000-7f4edab03000 r-xp 00000000 fd:01 534838                     /usr/lib/jvm/java-8-oracle/jre/lib/amd64/libnio.so
7f4edab03000-7f4edad02000 ---p 00011000 fd:01 534838                     /usr/lib/jvm/java-8-oracle/jre/lib/amd64/libnio.so
7f4edad02000-7f4edad03000 rw-p 00010000 fd:01 534838                     /usr/lib/jvm/java-8-oracle/jre/lib/amd64/libnio.so
7f4edad03000-7f4edaf03000 rw-p 00000000 00:00 0 
7f4edaf03000-7f4edaf0c000 r-xp 00000000 fd:01 534814                     /usr/lib/jvm/java-8-oracle/jre/lib/amd64/libmanagement.so
7f4edaf0c000-7f4edb10b000 ---p 00009000 fd:01 534814                     /usr/lib/jvm/java-8-oracle/jre/lib/amd64/libmanagement.so
7f4edb10b000-7f4edb10c000 rw-p 00008000 fd:01 534814                     /usr/lib/jvm/java-8-oracle/jre/lib/amd64/libmanagement.so
7f4edb10c000-7f4edb12b000 r--s 001e2000 fd:01 1717735                    /tmp/winstone6501694104606253968.jar
7f4edb12b000-7f4edb12c000 ---p 00000000 00:00 0 
7f4edb12c000-7f4edb22c000 rw-p 00000000 00:00 0                          [stack:22515]
7f4edb22c000-7f4edb22f000 ---p 00000000 00:00 0 
7f4edb22f000-7f4edb32d000 rw-p 00000000 00:00 0                          [stack:22514]
7f4edb32d000-7f4edb330000 ---p 00000000 00:00 0 
7f4edb330000-7f4edb42e000 rw-p 00000000 00:00 0                          [stack:22513]
7f4edb42e000-7f4edb431000 ---p 00000000 00:00 0 
7f4edb431000-7f4edb52f000 rw-p 00000000 00:00 0                          [stack:22512]
7f4edb52f000-7f4edb532000 ---p 00000000 00:00 0 
7f4edb532000-7f4edb630000 rw-p 00000000 00:00 0                          [stack:22511]
7f4edb630000-7f4edb8f9000 r--p 00000000 fd:01 528835                     /usr/lib/locale/locale-archive
7f4edb8f9000-7f4edb8fc000 ---p 00000000 00:00 0 
7f4edb8fc000-7f4edb9fa000 rw-p 00000000 00:00 0                          [stack:22510]
7f4edb9fa000-7f4edb9fd000 ---p 00000000 00:00 0 
7f4edb9fd000-7f4edbafb000 rw-p 00000000 00:00 0                          [stack:22509]
7f4edbafb000-7f4edbafc000 ---p 00000000 00:00 0 
7f4edbafc000-7f4edc000000 rw-p 00000000 00:00 0                          [stack:22508]
7f4edc000000-7f4edc021000 rw-p 00000000 00:00 0 
7f4edc021000-7f4ee0000000 ---p 00000000 00:00 0 
7f4ee0000000-7f4ee0002000 r--s 00003000 fd:01 2097588                    /var/cache/jenkins/war/WEB-INF/lib/memory-monitor-1.9.jar
7f4ee0002000-7f4ee0004000 r--s 00000000 fd:01 2097598                    /var/cache/jenkins/war/WEB-INF/lib/windows-package-checker-1.2.jar
7f4ee0004000-7f4ee0006000 r--s 00009000 fd:01 2100211                    /var/cache/jenkins/war/WEB-INF/lib/slf4j-api-1.7.25.jar
7f4ee0006000-7f4ee0008000 r--s 0000e000 fd:01 2100480                    /var/cache/jenkins/war/WEB-INF/lib/eddsa-0.2.0.jar
7f4ee0008000-7f4ee0009000 r--s 0000a000 fd:01 2097593                    /var/cache/jenkins/war/WEB-INF/lib/kxml2-2.3.0.jar
7f4ee0009000-7f4ee000f000 r--s 00059000 fd:01 2097689                    /var/cache/jenkins/war/WEB-INF/lib/j-interop-2.0.6-kohsuke-1.jar
7f4ee000f000-7f4ee0015000 r--s 00049000 fd:01 2097362                    /var/cache/jenkins/war/WEB-INF/lib/commons-httpclient-3.1-jenkins-1.jar
7f4ee0015000-7f4ee0017000 r--s 00004000 fd:01 2097359                    /var/cache/jenkins/war/WEB-INF/lib/instance-identity-2.1.jar
7f4ee0017000-7f4ee0033000 r--s 00393000 fd:01 534684                     /usr/lib/jvm/java-8-oracle/jre/lib/ext/cldrdata.jar
7f4ee0033000-7f4ee0437000 rw-p 00000000 00:00 0 
7f4ee0437000-7f4ee0611000 r--s 03d68000 fd:01 534726                     /usr/lib/jvm/java-8-oracle/jre/lib/rt.jar
7f4ee0611000-7f4ee1000000 rw-p 00000000 00:00 0 
7f4ee1000000-7f4ee14f0000 rwxp 00000000 00:00 0 
7f4ee14f0000-7f4ef0000000 ---p 00000000 00:00 0 
7f4ef0000000-7f4ef0ac9000 rw-p 00000000 00:00 0 
7f4ef0ac9000-7f4ef4000000 ---p 00000000 00:00 0 
7f4ef4000000-7f4ef4002000 r--s 00001000 fd:01 2097365                    /var/cache/jenkins/war/WEB-INF/lib/access-modifier-annotation-1.12.jar
7f4ef4002000-7f4ef400c000 r--s 00116000 fd:01 534685                     /usr/lib/jvm/java-8-oracle/jre/lib/ext/localedata.jar
7f4ef400c000-7f4ef402a000 r--s 04702000 fd:01 2359420                    /usr/share/jenkins/jenkins.war
7f4ef402a000-7f4ef606a000 rw-p 00000000 00:00 0 
7f4ef606a000-7f4ef606b000 ---p 00000000 00:00 0 
7f4ef606b000-7f4ef616b000 rw-p 00000000 00:00 0                          [stack:22507]
7f4ef616b000-7f4ef616c000 ---p 00000000 00:00 0 
7f4ef616c000-7f4ef6281000 rw-p 00000000 00:00 0                          [stack:22506]
7f4ef6281000-7f4ef63b6000 ---p 00000000 00:00 0 
7f4ef63b6000-7f4ef63cb000 rw-p 00000000 00:00 0 
7f4ef63cb000-7f4ef6500000 ---p 00000000 00:00 0 
7f4ef6500000-7f4ef6512000 rw-p 00000000 00:00 0 
7f4ef6512000-7f4ef65a5000 ---p 00000000 00:00 0 
7f4ef65a5000-7f4ef65ba000 rw-p 00000000 00:00 0 
7f4ef65ba000-7f4ef6966000 ---p 00000000 00:00 0 
7f4ef6966000-7f4ef6981000 r-xp 00000000 fd:01 534865                     /usr/lib/jvm/java-8-oracle/jre/lib/amd64/libzip.so
7f4ef6981000-7f4ef6b81000 ---p 0001b000 fd:01 534865                     /usr/lib/jvm/java-8-oracle/jre/lib/amd64/libzip.so
7f4ef6b81000-7f4ef6b82000 rw-p 0001b000 fd:01 534865                     /usr/lib/jvm/java-8-oracle/jre/lib/amd64/libzip.so
7f4ef6b82000-7f4ef6b8c000 r-xp 00000000 fd:01 1835030                    /lib/x86_64-linux-gnu/libnss_files-2.19.so
7f4ef6b8c000-7f4ef6d8b000 ---p 0000a000 fd:01 1835030                    /lib/x86_64-linux-gnu/libnss_files-2.19.so
7f4ef6d8b000-7f4ef6d8c000 r--p 00009000 fd:01 1835030                    /lib/x86_64-linux-gnu/libnss_files-2.19.so
7f4ef6d8c000-7f4ef6d8d000 rw-p 0000a000 fd:01 1835030                    /lib/x86_64-linux-gnu/libnss_files-2.19.so
7f4ef6d8d000-7f4ef6d98000 r-xp 00000000 fd:01 1835937                    /lib/x86_64-linux-gnu/libnss_nis-2.19.so
7f4ef6d98000-7f4ef6f97000 ---p 0000b000 fd:01 1835937                    /lib/x86_64-linux-gnu/libnss_nis-2.19.so
7f4ef6f97000-7f4ef6f98000 r--p 0000a000 fd:01 1835937                    /lib/x86_64-linux-gnu/libnss_nis-2.19.so
7f4ef6f98000-7f4ef6f99000 rw-p 0000b000 fd:01 1835937                    /lib/x86_64-linux-gnu/libnss_nis-2.19.so
7f4ef6f99000-7f4ef6fb0000 r-xp 00000000 fd:01 1835950                    /lib/x86_64-linux-gnu/libnsl-2.19.so
7f4ef6fb0000-7f4ef71af000 ---p 00017000 fd:01 1835950                    /lib/x86_64-linux-gnu/libnsl-2.19.so
7f4ef71af000-7f4ef71b0000 r--p 00016000 fd:01 1835950                    /lib/x86_64-linux-gnu/libnsl-2.19.so
7f4ef71b0000-7f4ef71b1000 rw-p 00017000 fd:01 1835950                    /lib/x86_64-linux-gnu/libnsl-2.19.so
7f4ef71b1000-7f4ef71b3000 rw-p 00000000 00:00 0 
7f4ef71b3000-7f4ef71bc000 r-xp 00000000 fd:01 1835939                    /lib/x86_64-linux-gnu/libnss_compat-2.19.so
7f4ef71bc000-7f4ef73bb000 ---p 00009000 fd:01 1835939                    /lib/x86_64-linux-gnu/libnss_compat-2.19.so
7f4ef73bb000-7f4ef73bc000 r--p 00008000 fd:01 1835939                    /lib/x86_64-linux-gnu/libnss_compat-2.19.so
7f4ef73bc000-7f4ef73bd000 rw-p 00009000 fd:01 1835939                    /lib/x86_64-linux-gnu/libnss_compat-2.19.so
7f4ef73bd000-7f4ef73e8000 r-xp 00000000 fd:01 534848                     /usr/lib/jvm/java-8-oracle/jre/lib/amd64/libjava.so
7f4ef73e8000-7f4ef75e7000 ---p 0002b000 fd:01 534848                     /usr/lib/jvm/java-8-oracle/jre/lib/amd64/libjava.so
7f4ef75e7000-7f4ef75e9000 rw-p 0002a000 fd:01 534848                     /usr/lib/jvm/java-8-oracle/jre/lib/amd64/libjava.so
7f4ef75e9000-7f4ef75f6000 r-xp 00000000 fd:01 534858                     /usr/lib/jvm/java-8-oracle/jre/lib/amd64/libverify.so
7f4ef75f6000-7f4ef77f6000 ---p 0000d000 fd:01 534858                     /usr/lib/jvm/java-8-oracle/jre/lib/amd64/libverify.so
7f4ef77f6000-7f4ef77f8000 rw-p 0000d000 fd:01 534858                     /usr/lib/jvm/java-8-oracle/jre/lib/amd64/libverify.so
7f4ef77f8000-7f4ef77ff000 r-xp 00000000 fd:01 1835948                    /lib/x86_64-linux-gnu/librt-2.19.so
7f4ef77ff000-7f4ef79fe000 ---p 00007000 fd:01 1835948                    /lib/x86_64-linux-gnu/librt-2.19.so
7f4ef79fe000-7f4ef79ff000 r--p 00006000 fd:01 1835948                    /lib/x86_64-linux-gnu/librt-2.19.so
7f4ef79ff000-7f4ef7a00000 rw-p 00007000 fd:01 1835948                    /lib/x86_64-linux-gnu/librt-2.19.so
7f4ef7a00000-7f4ef7b05000 r-xp 00000000 fd:01 1835941                    /lib/x86_64-linux-gnu/libm-2.19.so
7f4ef7b05000-7f4ef7d04000 ---p 00105000 fd:01 1835941                    /lib/x86_64-linux-gnu/libm-2.19.so
7f4ef7d04000-7f4ef7d05000 r--p 00104000 fd:01 1835941                    /lib/x86_64-linux-gnu/libm-2.19.so
7f4ef7d05000-7f4ef7d06000 rw-p 00105000 fd:01 1835941                    /lib/x86_64-linux-gnu/libm-2.19.so
7f4ef7d06000-7f4ef89df000 r-xp 00000000 fd:01 534875                     /usr/lib/jvm/java-8-oracle/jre/lib/amd64/server/libjvm.so
7f4ef89df000-7f4ef8bde000 ---p 00cd9000 fd:01 534875                     /usr/lib/jvm/java-8-oracle/jre/lib/amd64/server/libjvm.so
7f4ef8bde000-7f4ef8cb8000 rw-p 00cd8000 fd:01 534875                     /usr/lib/jvm/java-8-oracle/jre/lib/amd64/server/libjvm.so
7f4ef8cb8000-7f4ef8d03000 rw-p 00000000 00:00 0 
7f4ef8d03000-7f4ef8ec1000 r-xp 00000000 fd:01 1836013                    /lib/x86_64-linux-gnu/libc-2.19.so
7f4ef8ec1000-7f4ef90c1000 ---p 001be000 fd:01 1836013                    /lib/x86_64-linux-gnu/libc-2.19.so
7f4ef90c1000-7f4ef90c5000 r--p 001be000 fd:01 1836013                    /lib/x86_64-linux-gnu/libc-2.19.so
7f4ef90c5000-7f4ef90c7000 rw-p 001c2000 fd:01 1836013                    /lib/x86_64-linux-gnu/libc-2.19.so
7f4ef90c7000-7f4ef90cc000 rw-p 00000000 00:00 0 
7f4ef90cc000-7f4ef90cf000 r-xp 00000000 fd:01 1835951                    /lib/x86_64-linux-gnu/libdl-2.19.so
7f4ef90cf000-7f4ef92ce000 ---p 00003000 fd:01 1835951                    /lib/x86_64-linux-gnu/libdl-2.19.so
7f4ef92ce000-7f4ef92cf000 r--p 00002000 fd:01 1835951                    /lib/x86_64-linux-gnu/libdl-2.19.so
7f4ef92cf000-7f4ef92d0000 rw-p 00003000 fd:01 1835951                    /lib/x86_64-linux-gnu/libdl-2.19.so
7f4ef92d0000-7f4ef92e6000 r-xp 00000000 fd:01 534849                     /usr/lib/jvm/java-8-oracle/jre/lib/amd64/jli/libjli.so
7f4ef92e6000-7f4ef94e5000 ---p 00016000 fd:01 534849                     /usr/lib/jvm/java-8-oracle/jre/lib/amd64/jli/libjli.so
7f4ef94e5000-7f4ef94e6000 rw-p 00015000 fd:01 534849                     /usr/lib/jvm/java-8-oracle/jre/lib/amd64/jli/libjli.so
7f4ef94e6000-7f4ef94ff000 r-xp 00000000 fd:01 1835947                    /lib/x86_64-linux-gnu/libpthread-2.19.so
7f4ef94ff000-7f4ef96fe000 ---p 00019000 fd:01 1835947                    /lib/x86_64-linux-gnu/libpthread-2.19.so
7f4ef96fe000-7f4ef96ff000 r--p 00018000 fd:01 1835947                    /lib/x86_64-linux-gnu/libpthread-2.19.so
7f4ef96ff000-7f4ef9700000 rw-p 00019000 fd:01 1835947                    /lib/x86_64-linux-gnu/libpthread-2.19.so
7f4ef9700000-7f4ef9704000 rw-p 00000000 00:00 0 
7f4ef9704000-7f4ef9727000 r-xp 00000000 fd:01 1835944                    /lib/x86_64-linux-gnu/ld-2.19.so
7f4ef9727000-7f4ef9728000 r--s 00004000 fd:01 2097684                    /var/cache/jenkins/war/WEB-INF/lib/akuma-1.10.jar
7f4ef9728000-7f4ef9729000 r--s 00001000 fd:01 2100474                    /var/cache/jenkins/war/WEB-INF/lib/localizer-1.24.jar
7f4ef9729000-7f4ef972c000 r--s 0001a000 fd:01 534809                     /usr/lib/jvm/java-8-oracle/jre/lib/jce.jar
7f4ef972c000-7f4ef9731000 r--s 0009d000 fd:01 534696                     /usr/lib/jvm/java-8-oracle/jre/lib/jsse.jar
7f4ef9731000-7f4ef9816000 rw-p 00000000 00:00 0 
7f4ef9816000-7f4ef9819000 ---p 00000000 00:00 0 
7f4ef9819000-7f4ef991c000 rw-p 00000000 00:00 0                          [stack:22505]
7f4ef991c000-7f4ef9924000 rw-s 00000000 fd:01 3409308                    /tmp/hsperfdata_jenkins/22504
7f4ef9924000-7f4ef9925000 rw-p 00000000 00:00 0 
7f4ef9925000-7f4ef9926000 ---p 00000000 00:00 0 
7f4ef9926000-7f4ef9927000 r--p 00022000 fd:01 1835944                    /lib/x86_64-linux-gnu/ld-2.19.so
7f4ef9927000-7f4ef9928000 rw-p 00023000 fd:01 1835944                    /lib/x86_64-linux-gnu/ld-2.19.so
7f4ef9928000-7f4ef9929000 rw-p 00000000 00:00 0 
7ffcb40e4000-7ffcb4105000 rw-p 00000000 00:00 0                          [stack]
7ffcb41fe000-7ffcb4200000 r-xp 00000000 00:00 0                          [vdso]
ffffffffff600000-ffffffffff601000 r-xp 00000000 00:00 0                  [vsyscall]

VM Arguments:
jvm_args: -Djava.awt.headless=true 
java_command: /usr/share/jenkins/jenkins.war --webroot=/var/cache/jenkins/war --httpPort=8080
java_class_path (initial): /usr/share/jenkins/jenkins.war
Launcher Type: SUN_STANDARD

Environment Variables:
JAVA_HOME=/usr/lib/jvm/java-8-oracle
PATH=/usr/local/bin:/usr/bin:/bin:/usr/local/games:/usr/games:/usr/lib/jvm/java-8-oracle/bin:/usr/lib/jvm/java-8-oracle/db/bin:/usr/lib/jvm/java-8-oracle/jre/bin
SHELL=/bin/bash

Signal Handlers:
SIGSEGV: [libjvm.so+0xad0890], sa_mask[0]=11111111011111111101111111111110, sa_flags=SA_RESTART|SA_SIGINFO
SIGBUS: [libjvm.so+0xad0890], sa_mask[0]=11111111011111111101111111111110, sa_flags=SA_RESTART|SA_SIGINFO
SIGFPE: [libjvm.so+0x928640], sa_mask[0]=11111111011111111101111111111110, sa_flags=SA_RESTART|SA_SIGINFO
SIGPIPE: [libjvm.so+0x928640], sa_mask[0]=11111111011111111101111111111110, sa_flags=SA_RESTART|SA_SIGINFO
SIGXFSZ: [libjvm.so+0x928640], sa_mask[0]=11111111011111111101111111111110, sa_flags=SA_RESTART|SA_SIGINFO
SIGILL: [libjvm.so+0x928640], sa_mask[0]=11111111011111111101111111111110, sa_flags=SA_RESTART|SA_SIGINFO
SIGUSR1: SIG_DFL, sa_mask[0]=00000000000000000000000000000000, sa_flags=none
SIGUSR2: [libjvm.so+0x929ea0], sa_mask[0]=00000000000000000000000000000000, sa_flags=SA_RESTART|SA_SIGINFO
SIGHUP: SIG_IGN, sa_mask[0]=00000000000000000000000000000000, sa_flags=none
SIGINT: [libjvm.so+0x92b2a0], sa_mask[0]=11111111011111111101111111111110, sa_flags=SA_RESTART|SA_SIGINFO
SIGTERM: [libjvm.so+0x92b2a0], sa_mask[0]=11111111011111111101111111111110, sa_flags=SA_RESTART|SA_SIGINFO
SIGQUIT: [libjvm.so+0x92b2a0], sa_mask[0]=11111111011111111101111111111110, sa_flags=SA_RESTART|SA_SIGINFO


---------------  S Y S T E M  ---------------

OS:DISTRIB_ID=Ubuntu
DISTRIB_RELEASE=14.04
DISTRIB_CODENAME=trusty
DISTRIB_DESCRIPTION="Ubuntu 14.04.5 LTS"

uname:Linux 3.13.0-139-generic #188-Ubuntu SMP Tue Jan 9 14:43:09 UTC 2018 x86_64
libc:glibc 2.19 NPTL 2.19 
rlimit: STACK 8192k, CORE 0k, NPROC 31559, NOFILE 8192, AS infinity
load average:2.33 2.12 2.07

/proc/meminfo:
MemTotal:        4048184 kB
MemFree:           85000 kB
Buffers:             220 kB
Cached:            20940 kB
SwapCached:         4124 kB
Active:          3072692 kB
Inactive:         795060 kB
Active(anon):    3068860 kB
Inactive(anon):   783436 kB
Active(file):       3832 kB
Inactive(file):    11624 kB
Unevictable:           0 kB
Mlocked:               0 kB
SwapTotal:        524284 kB
SwapFree:              0 kB
Dirty:               148 kB
Writeback:             0 kB
AnonPages:       3842660 kB
Mapped:            12996 kB
Shmem:              5628 kB
Slab:              36000 kB
SReclaimable:      15296 kB
SUnreclaim:        20704 kB
KernelStack:        3608 kB
PageTables:        21260 kB
NFS_Unstable:          0 kB
Bounce:                0 kB
WritebackTmp:          0 kB
CommitLimit:     2548376 kB
Committed_AS:    5696808 kB
VmallocTotal:   34359738367 kB
VmallocUsed:        9832 kB
VmallocChunk:   34359723316 kB
HardwareCorrupted:     0 kB
AnonHugePages:   2719744 kB
HugePages_Total:       0
HugePages_Free:        0
HugePages_Rsvd:        0
HugePages_Surp:        0
Hugepagesize:       2048 kB
DirectMap4k:       49132 kB
DirectMap2M:     4145152 kB
DirectMap1G:           0 kB


CPU:total 2 (initial active 2) (1 cores per cpu, 1 threads per core) family 6 model 79 stepping 1, cmov, cx8, fxsr, mmx, sse, sse2, sse3, ssse3, sse4.1, sse4.2, popcnt, avx, avx2, aes, clmul, erms, rtm, 3dnowpref, lzcnt, tsc, bmi1, bmi2, adx

/proc/cpuinfo:
processor	: 0
vendor_id	: GenuineIntel
cpu family	: 6
model		: 79
model name	: Intel(R) Xeon(R) CPU E5-2650 v4 @ 2.20GHz
stepping	: 1
microcode	: 0x1
cpu MHz		: 2199.996
cache size	: 30720 KB
physical id	: 0
siblings	: 1
core id		: 0
cpu cores	: 1
apicid		: 0
initial apicid	: 0
fpu		: yes
fpu_exception	: yes
cpuid level	: 13
wp		: yes
flags		: fpu vme de pse tsc msr pae mce cx8 apic sep mtrr pge mca cmov pat pse36 clflush mmx fxsr sse sse2 ss syscall nx pdpe1gb rdtscp lm constant_tsc arch_perfmon rep_good nopl eagerfpu pni pclmulqdq vmx ssse3 fma cx16 pcid sse4_1 sse4_2 x2apic movbe popcnt tsc_deadline_timer aes xsave avx f16c rdrand hypervisor lahf_lm abm 3dnowprefetch xsaveopt invpcid_single tpr_shadow vnmi flexpriority ept vpid fsgsbase tsc_adjust bmi1 hle avx2 smep bmi2 erms invpcid rtm rdseed adx smap
bogomips	: 4399.99
clflush size	: 64
cache_alignment	: 64
address sizes	: 40 bits physical, 48 bits virtual
power management:

processor	: 1
vendor_id	: GenuineIntel
cpu family	: 6
model		: 79
model name	: Intel(R) Xeon(R) CPU E5-2650 v4 @ 2.20GHz
stepping	: 1
microcode	: 0x1
cpu MHz		: 2199.996
cache size	: 30720 KB
physical id	: 1
siblings	: 1
core id		: 0
cpu cores	: 1
apicid		: 1
initial apicid	: 1
fpu		: yes
fpu_exception	: yes
cpuid level	: 13
wp		: yes
flags		: fpu vme de pse tsc msr pae mce cx8 apic sep mtrr pge mca cmov pat pse36 clflush mmx fxsr sse sse2 ss syscall nx pdpe1gb rdtscp lm constant_tsc arch_perfmon rep_good nopl eagerfpu pni pclmulqdq vmx ssse3 fma cx16 pcid sse4_1 sse4_2 x2apic movbe popcnt tsc_deadline_timer aes xsave avx f16c rdrand hypervisor lahf_lm abm 3dnowprefetch xsaveopt invpcid_single tpr_shadow vnmi flexpriority ept vpid fsgsbase tsc_adjust bmi1 hle avx2 smep bmi2 erms invpcid rtm rdseed adx smap
bogomips	: 4399.99
clflush size	: 64
cache_alignment	: 64
address sizes	: 40 bits physical, 48 bits virtual
power management:



Memory: 4k page, physical 4048184k(85000k free), swap 524284k(0k free)

vm_info: Java HotSpot(TM) 64-Bit Server VM (25.171-b11) for linux-amd64 JRE (1.8.0_171-b11), built on Mar 28 2018 17:07:08 by "java_re" with gcc 4.3.0 20080428 (Red Hat 4.3.0-8)

time: Fri Dec 28 21:21:38 2018
elapsed time: 3 seconds (0d 0h 0m 3s)

